<?xml version="1.0" encoding="UTF-8"?>
<!-- Generated by org.testng.reporters.JUnitReportReporter -->
<testsuite skipped="0" hostname="DESKTOP-DDKMTI5" name="dataProvider.DPTest" tests="4" failures="0" timestamp="26 Jun 2022 05:23:21 GMT" time="4.214" errors="0">
  <testcase name="logintest" time="0.608" classname="dataProvider.DPTest"/>
  <testcase name="logintest" time="0.779" classname="dataProvider.DPTest"/>
  <testcase name="logintest" time="2.233" classname="dataProvider.DPTest"/>
  <testcase name="logintest" time="0.594" classname="dataProvider.DPTest"/>
</testsuite> <!-- dataProvider.DPTest -->
