<?xml version="1.0" encoding="UTF-8"?>
<!-- Generated by org.testng.reporters.JUnitReportReporter -->
<testsuite skipped="0" hostname="DESKTOP-DDKMTI5" name="newProject.LoginTest" tests="2" failures="0" timestamp="04 Jun 2022 07:41:36 GMT" time="12.714" errors="0">
  <testcase name="verifyUserPageShowed" time="6.737" classname="newProject.LoginTest"/>
  <testcase name="verifyDashboardAppeared" time="5.977" classname="newProject.LoginTest"/>
</testsuite> <!-- newProject.LoginTest -->
