<?xml version="1.0" encoding="UTF-8"?>
<!-- Generated by org.testng.reporters.JUnitReportReporter -->
<testsuite skipped="0" hostname="DESKTOP-DDKMTI5" name="pageobjectmodel.LoginTest" tests="3" failures="0" timestamp="11 Jun 2022 13:32:17 GMT" time="13.330" errors="0">
  <testcase name="test01" time="12.421" classname="pageobjectmodel.LoginTest"/>
  <testcase name="test02" time="0.492" classname="pageobjectmodel.LoginTest"/>
  <testcase name="test03" time="0.417" classname="pageobjectmodel.LoginTest"/>
</testsuite> <!-- pageobjectmodel.LoginTest -->
